
                            < M A T L A B (R) >
                  Copyright 1984-2009 The MathWorks, Inc.
                Version 7.9.0.529 (R2009b) 64-bit (glnxa64)
                              August 12, 2009

 
  To get started, type one of these: helpwin, helpdesk, or demo.
  For product information, visit www.mathworks.com.
 
Processing frame 1 of 18 (file /home/speckman/Dokumente/AMUSE/amuse/config/node/extractor/input/task_5/1/RainsOfCastamere.wav)...
Processing frame 2 of 18 (file /home/speckman/Dokumente/AMUSE/amuse/config/node/extractor/input/task_5/1/RainsOfCastamere.wav)...
Processing frame 3 of 18 (file /home/speckman/Dokumente/AMUSE/amuse/config/node/extractor/input/task_5/1/RainsOfCastamere.wav)...
Processing frame 4 of 18 (file /home/speckman/Dokumente/AMUSE/amuse/config/node/extractor/input/task_5/1/RainsOfCastamere.wav)...
Processing frame 5 of 18 (file /home/speckman/Dokumente/AMUSE/amuse/config/node/extractor/input/task_5/1/RainsOfCastamere.wav)...
Processing frame 6 of 18 (file /home/speckman/Dokumente/AMUSE/amuse/config/node/extractor/input/task_5/1/RainsOfCastamere.wav)...
Processing frame 7 of 18 (file /home/speckman/Dokumente/AMUSE/amuse/config/node/extractor/input/task_5/1/RainsOfCastamere.wav)...
Processing frame 8 of 18 (file /home/speckman/Dokumente/AMUSE/amuse/config/node/extractor/input/task_5/1/RainsOfCastamere.wav)...
Processing frame 9 of 18 (file /home/speckman/Dokumente/AMUSE/amuse/config/node/extractor/input/task_5/1/RainsOfCastamere.wav)...
Processing frame 10 of 18 (file /home/speckman/Dokumente/AMUSE/amuse/config/node/extractor/input/task_5/1/RainsOfCastamere.wav)...
Processing frame 11 of 18 (file /home/speckman/Dokumente/AMUSE/amuse/config/node/extractor/input/task_5/1/RainsOfCastamere.wav)...
Processing frame 12 of 18 (file /home/speckman/Dokumente/AMUSE/amuse/config/node/extractor/input/task_5/1/RainsOfCastamere.wav)...
Processing frame 13 of 18 (file /home/speckman/Dokumente/AMUSE/amuse/config/node/extractor/input/task_5/1/RainsOfCastamere.wav)...
Processing frame 14 of 18 (file /home/speckman/Dokumente/AMUSE/amuse/config/node/extractor/input/task_5/1/RainsOfCastamere.wav)...
Processing frame 15 of 18 (file /home/speckman/Dokumente/AMUSE/amuse/config/node/extractor/input/task_5/1/RainsOfCastamere.wav)...
Processing frame 16 of 18 (file /home/speckman/Dokumente/AMUSE/amuse/config/node/extractor/input/task_5/1/RainsOfCastamere.wav)...
Processing frame 17 of 18 (file /home/speckman/Dokumente/AMUSE/amuse/config/node/extractor/input/task_5/1/RainsOfCastamere.wav)...
Processing frame 18 of 18 (file /home/speckman/Dokumente/AMUSE/amuse/config/node/extractor/input/task_5/1/RainsOfCastamere.wav)...
Elapsed time is 0.831132 seconds.
Processing frame 1 of 18 (file /home/speckman/Dokumente/AMUSE/amuse/config/node/extractor/input/task_5/1/RainsOfCastamere.wav)...
Processing frame 2 of 18 (file /home/speckman/Dokumente/AMUSE/amuse/config/node/extractor/input/task_5/1/RainsOfCastamere.wav)...
Processing frame 3 of 18 (file /home/speckman/Dokumente/AMUSE/amuse/config/node/extractor/input/task_5/1/RainsOfCastamere.wav)...
Processing frame 4 of 18 (file /home/speckman/Dokumente/AMUSE/amuse/config/node/extractor/input/task_5/1/RainsOfCastamere.wav)...
Processing frame 5 of 18 (file /home/speckman/Dokumente/AMUSE/amuse/config/node/extractor/input/task_5/1/RainsOfCastamere.wav)...
Processing frame 6 of 18 (file /home/speckman/Dokumente/AMUSE/amuse/config/node/extractor/input/task_5/1/RainsOfCastamere.wav)...
Processing frame 7 of 18 (file /home/speckman/Dokumente/AMUSE/amuse/config/node/extractor/input/task_5/1/RainsOfCastamere.wav)...
Processing frame 8 of 18 (file /home/speckman/Dokumente/AMUSE/amuse/config/node/extractor/input/task_5/1/RainsOfCastamere.wav)...
Processing frame 9 of 18 (file /home/speckman/Dokumente/AMUSE/amuse/config/node/extractor/input/task_5/1/RainsOfCastamere.wav)...
Processing frame 10 of 18 (file /home/speckman/Dokumente/AMUSE/amuse/config/node/extractor/input/task_5/1/RainsOfCastamere.wav)...
Processing frame 11 of 18 (file /home/speckman/Dokumente/AMUSE/amuse/config/node/extractor/input/task_5/1/RainsOfCastamere.wav)...
Processing frame 12 of 18 (file /home/speckman/Dokumente/AMUSE/amuse/config/node/extractor/input/task_5/1/RainsOfCastamere.wav)...
Processing frame 13 of 18 (file /home/speckman/Dokumente/AMUSE/amuse/config/node/extractor/input/task_5/1/RainsOfCastamere.wav)...
Processing frame 14 of 18 (file /home/speckman/Dokumente/AMUSE/amuse/config/node/extractor/input/task_5/1/RainsOfCastamere.wav)...
Processing frame 15 of 18 (file /home/speckman/Dokumente/AMUSE/amuse/config/node/extractor/input/task_5/1/RainsOfCastamere.wav)...
Processing frame 16 of 18 (file /home/speckman/Dokumente/AMUSE/amuse/config/node/extractor/input/task_5/1/RainsOfCastamere.wav)...
Processing frame 17 of 18 (file /home/speckman/Dokumente/AMUSE/amuse/config/node/extractor/input/task_5/1/RainsOfCastamere.wav)...
Processing frame 18 of 18 (file /home/speckman/Dokumente/AMUSE/amuse/config/node/extractor/input/task_5/1/RainsOfCastamere.wav)...
Elapsed time is 0.329375 seconds.
Processing frame 1 of 18 (file /home/speckman/Dokumente/AMUSE/amuse/config/node/extractor/input/task_5/1/RainsOfCastamere.wav)...
Processing frame 2 of 18 (file /home/speckman/Dokumente/AMUSE/amuse/config/node/extractor/input/task_5/1/RainsOfCastamere.wav)...
Processing frame 3 of 18 (file /home/speckman/Dokumente/AMUSE/amuse/config/node/extractor/input/task_5/1/RainsOfCastamere.wav)...
Processing frame 4 of 18 (file /home/speckman/Dokumente/AMUSE/amuse/config/node/extractor/input/task_5/1/RainsOfCastamere.wav)...
Processing frame 5 of 18 (file /home/speckman/Dokumente/AMUSE/amuse/config/node/extractor/input/task_5/1/RainsOfCastamere.wav)...
Processing frame 6 of 18 (file /home/speckman/Dokumente/AMUSE/amuse/config/node/extractor/input/task_5/1/RainsOfCastamere.wav)...
Processing frame 7 of 18 (file /home/speckman/Dokumente/AMUSE/amuse/config/node/extractor/input/task_5/1/RainsOfCastamere.wav)...
Processing frame 8 of 18 (file /home/speckman/Dokumente/AMUSE/amuse/config/node/extractor/input/task_5/1/RainsOfCastamere.wav)...
Processing frame 9 of 18 (file /home/speckman/Dokumente/AMUSE/amuse/config/node/extractor/input/task_5/1/RainsOfCastamere.wav)...
Processing frame 10 of 18 (file /home/speckman/Dokumente/AMUSE/amuse/config/node/extractor/input/task_5/1/RainsOfCastamere.wav)...
Processing frame 11 of 18 (file /home/speckman/Dokumente/AMUSE/amuse/config/node/extractor/input/task_5/1/RainsOfCastamere.wav)...
Processing frame 12 of 18 (file /home/speckman/Dokumente/AMUSE/amuse/config/node/extractor/input/task_5/1/RainsOfCastamere.wav)...
Processing frame 13 of 18 (file /home/speckman/Dokumente/AMUSE/amuse/config/node/extractor/input/task_5/1/RainsOfCastamere.wav)...
Processing frame 14 of 18 (file /home/speckman/Dokumente/AMUSE/amuse/config/node/extractor/input/task_5/1/RainsOfCastamere.wav)...
Processing frame 15 of 18 (file /home/speckman/Dokumente/AMUSE/amuse/config/node/extractor/input/task_5/1/RainsOfCastamere.wav)...
Processing frame 16 of 18 (file /home/speckman/Dokumente/AMUSE/amuse/config/node/extractor/input/task_5/1/RainsOfCastamere.wav)...
Processing frame 17 of 18 (file /home/speckman/Dokumente/AMUSE/amuse/config/node/extractor/input/task_5/1/RainsOfCastamere.wav)...
Processing frame 18 of 18 (file /home/speckman/Dokumente/AMUSE/amuse/config/node/extractor/input/task_5/1/RainsOfCastamere.wav)...
Elapsed time is 0.314127 seconds.
